<?xml version="1.0" encoding="UTF-8"?>
<testng-results ignored="0" total="1" passed="1" failed="0" skipped="0">
  <reporter-output>
  </reporter-output>
  <suite started-at="2023-01-04T18:04:13 IST" name="Default suite" finished-at="2023-01-04T18:04:14 IST" duration-ms="973">
    <groups>
    </groups>
    <test started-at="2023-01-04T18:04:13 IST" name="Default test" finished-at="2023-01-04T18:04:14 IST" duration-ms="973">
      <class name="SumValidation">
        <test-method signature="sumOfCourse()[pri:0, instance:SumValidation@1e6454ec]" started-at="2023-01-04T18:04:13 IST" name="sumOfCourse" finished-at="2023-01-04T18:04:14 IST" duration-ms="947" status="PASS">
          <reporter-output>
          </reporter-output>
        </test-method> <!-- sumOfCourse -->
      </class> <!-- SumValidation -->
    </test> <!-- Default test -->
  </suite> <!-- Default suite -->
</testng-results>
